<?xml version="1.0" encoding="utf-8"?><testsuites><testsuite errors="0" failures="1" hostname="GFR-CVG-0100904" name="pytest" skipped="0" tests="4" time="0.077" timestamp="2020-11-13T11:59:08.966021"><testcase classname="catfacts.test_simpsonstest" file="catfacts\test_simpsonstest.py" line="21" name="test_homer" time="0.001"><system-out>--------------------------------- Captured Log ---------------------------------

--------------------------------- Captured Out ---------------------------------

</system-out><system-err>--------------------------------- Captured Err ---------------------------------

</system-err></testcase><testcase classname="catfacts.test_simpsonstest" file="catfacts\test_simpsonstest.py" line="38" name="test_homer_fail" time="0.003"><failure message="assert &quot;You don't wi...with pretzels&quot; == &quot;You don't wi...ds with salad&quot;&#10;  - You don't win friends with salad&#10;  ?                             ----&#10;  + You don't win friends with pretzels&#10;  ?                            +++++++">def test_homer_fail():
        # This should produce a failure.
&gt;       assert homer("pretzels") == "You don't win friends with salad"
E       assert "You don't wi...with pretzels" == "You don't wi...ds with salad"
E         - You don't win friends with salad
E         ?                             ----
E         + You don't win friends with pretzels
E         ?                            +++++++

catfacts\test_simpsonstest.py:41: AssertionError</failure><system-out>--------------------------------- Captured Log ---------------------------------

--------------------------------- Captured Out ---------------------------------

</system-out><system-err>--------------------------------- Captured Err ---------------------------------

</system-err></testcase><testcase classname="catfacts.test_simpsonstest" file="catfacts\test_simpsonstest.py" line="27" name="test_milhouse" time="0.001"><system-out>--------------------------------- Captured Log ---------------------------------

--------------------------------- Captured Out ---------------------------------

</system-out><system-err>--------------------------------- Captured Err ---------------------------------

</system-err></testcase><testcase classname="catfacts.test_simpsonstest" file="catfacts\test_simpsonstest.py" line="33" name="test_troymcclure" time="0.001"><system-out>--------------------------------- Captured Log ---------------------------------

--------------------------------- Captured Out ---------------------------------

</system-out><system-err>--------------------------------- Captured Err ---------------------------------

</system-err></testcase></testsuite></testsuites>